02:38:56 **** Incremental Build of configuration x86_64-debug for project Intersection_Node ****
make -j12 all 
qcc -Vgcc_ntox86_64 -c -Wp,-MMD,build/x86_64-debug/src/Intersection_Node.d,-MT,build/x86_64-debug/src/Intersection_Node.o -o build/x86_64-debug/src/Intersection_Node.o  -Wall -fmessage-length=0 -g -O0 -fno-builtin  src/Intersection_Node.c
src/Intersection_Node.c: In function 'emergency_thread':
src/Intersection_Node.c:166:45: warning: suggest parentheses around '&&' within '||' [-Wparentheses]
     while (data_sent == 0 || data_sent == 1 && peak_state != 2) // checks
                                             ^
src/Intersection_Node.c: In function 'command_received':
src/Intersection_Node.c:181:14: warning: unused variable 'rc' [-Wunused-variable]
   error_rc_t rc;
              ^
src/Intersection_Node.c: In function 'receive_control_with_mqueue':
src/Intersection_Node.c:612:7: warning: variable 'ret' set but not used [-Wunused-but-set-variable]
   int ret;
       ^
src/Intersection_Node.c:611:14: warning: variable 'rc' set but not used [-Wunused-but-set-variable]
   error_rc_t rc;
              ^
qcc -Vgcc_ntox86_64 -o build/x86_64-debug/Intersection_Node   build/x86_64-debug/src/Intersection_Node.o  

02:38:56 Build Finished (took 197ms)

